<?xml version="1.0" encoding="UTF-8"?>
<!-- Generated by org.testng.reporters.JUnitReportReporter -->
<testsuite hostname="Eclipse" name="com.automation.CaseOneTest" tests="3" failures="0" timestamp="17 Jun 2017 14:59:21 GMT" time="40.648" errors="0">
  <testcase name="signOut" time="7.768" classname="com.automation.CaseOneTest"/>
  <testcase name="updateProfile" time="15.941" classname="com.automation.CaseOneTest"/>
  <testcase name="register" time="16.939" classname="com.automation.CaseOneTest"/>
</testsuite> <!-- com.automation.CaseOneTest -->
