<?xml version="1.0" encoding="UTF-8"?>
<!-- Generated by org.testng.reporters.JUnitReportReporter -->
<testsuite hostname="Eclipse" name="com.automation.CaseThreeTest" tests="2" failures="0" timestamp="28 Jul 2017 12:35:38 GMT" time="33.012" errors="0">
  <testcase name="continueAsGuest" time="17.603" classname="com.automation.CaseThreeTest"/>
  <testcase name="featuredHotel" time="15.409" classname="com.automation.CaseThreeTest"/>
</testsuite> <!-- com.automation.CaseThreeTest -->
