<?xml version="1.0" encoding="UTF-8"?>
<!-- Generated by org.testng.reporters.JUnitReportReporter -->
<testsuite hostname="Eclipse" name="com.automation.CaseThreeTest" tests="2" failures="0" timestamp="20 Jun 2017 16:57:09 GMT" time="34.260" errors="0">
  <testcase name="continueAsGuest" time="18.799" classname="com.automation.CaseThreeTest"/>
  <testcase name="featuredHotel" time="15.461" classname="com.automation.CaseThreeTest"/>
</testsuite> <!-- com.automation.CaseThreeTest -->
