<?xml version="1.0" encoding="UTF-8"?>
<!-- Generated by org.testng.reporters.JUnitReportReporter -->
<testsuite hostname="Eclipse" name="com.automation.CaseOneTest" tests="3" failures="0" timestamp="28 Jul 2017 17:41:32 GMT" time="17.209" errors="0">
  <testcase name="signOut" time="0.006" classname="com.automation.CaseOneTest"/>
  <testcase name="updateProfile" time="8.541" classname="com.automation.CaseOneTest"/>
  <testcase name="register" time="8.662" classname="com.automation.CaseOneTest"/>
</testsuite> <!-- com.automation.CaseOneTest -->
