<?xml version="1.0" encoding="UTF-8"?>
<!-- Generated by org.testng.reporters.JUnitReportReporter -->
<testsuite hostname="Eclipse" name="com.automation.CaseTwoTest" tests="2" failures="0" timestamp="28 Jul 2017 12:42:36 GMT" time="32.846" errors="0">
  <testcase name="modifyResults" time="7.814" classname="com.automation.CaseTwoTest"/>
  <testcase name="selectHotel" time="25.032" classname="com.automation.CaseTwoTest"/>
</testsuite> <!-- com.automation.CaseTwoTest -->
