<?xml version="1.0" encoding="UTF-8"?>
<!-- Generated by org.testng.reporters.JUnitReportReporter -->
<testsuite hostname="Eclipse" name="com.automation.CarsTabTest" tests="1" failures="0" timestamp="27 Jul 2017 12:32:23 GMT" time="11.411" errors="0">
  <testcase name="car" time="11.411" classname="com.automation.CarsTabTest"/>
</testsuite> <!-- com.automation.CarsTabTest -->
