<?xml version="1.0" encoding="UTF-8"?>
<!-- Generated by org.testng.reporters.JUnitReportReporter -->
<testsuite hostname="Eclipse" name="com.automation.unit.CarsTabTest" tests="1" failures="0" timestamp="29 Jul 2017 00:51:25 GMT" time="12.550" errors="0">
  <testcase name="car" time="12.550" classname="com.automation.unit.CarsTabTest"/>
</testsuite> <!-- com.automation.unit.CarsTabTest -->
