<?xml version="1.0" encoding="UTF-8"?>
<!-- Generated by org.testng.reporters.JUnitReportReporter -->
<testsuite hostname="Eclipse" name="com.automation.CaseTwoTest" tests="2" failures="0" timestamp="21 Jul 2017 17:58:22 GMT" time="32.222" errors="0">
  <testcase name="selectHotel" time="24.937" classname="com.automation.CaseTwoTest"/>
  <testcase name="modifyResults" time="7.285" classname="com.automation.CaseTwoTest"/>
</testsuite> <!-- com.automation.CaseTwoTest -->
