<?xml version="1.0" encoding="UTF-8"?>
<!-- Generated by org.testng.reporters.JUnitReportReporter -->
<testsuite hostname="Eclipse" name="com.automation.CaseThreeTest" tests="2" failures="0" timestamp="21 Jul 2017 17:58:22 GMT" time="35.415" errors="0">
  <testcase name="continueAsGuest" time="20.267" classname="com.automation.CaseThreeTest"/>
  <testcase name="featuredHotel" time="15.148" classname="com.automation.CaseThreeTest"/>
</testsuite> <!-- com.automation.CaseThreeTest -->
