<?xml version="1.0" encoding="UTF-8"?>
<!-- Generated by org.testng.reporters.JUnitReportReporter -->
<testsuite hostname="Eclipse" name="com.automation.CaseOneTest" tests="3" failures="0" timestamp="19 Jun 2017 02:50:25 GMT" time="42.123" errors="0">
  <testcase name="register" time="14.391" classname="com.automation.CaseOneTest"/>
  <testcase name="signOut" time="9.245" classname="com.automation.CaseOneTest"/>
  <testcase name="updateProfile" time="18.487" classname="com.automation.CaseOneTest"/>
</testsuite> <!-- com.automation.CaseOneTest -->
