<?xml version="1.0" encoding="UTF-8"?>
<!-- Generated by org.testng.reporters.JUnitReportReporter -->
<testsuite hostname="Eclipse" name="com.automation.CaseOneTest" tests="3" failures="0" timestamp="21 Jul 2017 17:58:22 GMT" time="21.686" errors="0">
  <testcase name="signOut" time="3.789" classname="com.automation.CaseOneTest"/>
  <testcase name="register" time="9.844" classname="com.automation.CaseOneTest"/>
  <testcase name="updateProfile" time="8.053" classname="com.automation.CaseOneTest"/>
</testsuite> <!-- com.automation.CaseOneTest -->
